<?xml version="1.0" encoding="UTF-8"?>
<!-- Generated by org.testng.reporters.JUnitReportReporter -->
<testsuite hostname="PUNHJW256997L" name="com.crm.test.CasePageTest" tests="2" failures="0" timestamp="1 Sep 2019 07:06:19 GMT" time="42.216" errors="0">
  <testcase name="addCaseDetails" time="28.875" classname="com.crm.test.CasePageTest"/>
  <testcase name="verifyCaseStatus" time="13.341" classname="com.crm.test.CasePageTest"/>
</testsuite> <!-- com.crm.test.CasePageTest -->
