<?xml version="1.0" encoding="UTF-8"?>
<!-- Generated by org.testng.reporters.JUnitReportReporter -->
<testsuite hostname="PUNHJW256997L" name="com.crm.test.HomePageTest" tests="1" failures="0" timestamp="27 Aug 2019 19:14:18 GMT" time="13.050" errors="0">
  <testcase name="validateHomePage" time="13.050" classname="com.crm.test.HomePageTest"/>
</testsuite> <!-- com.crm.test.HomePageTest -->
