<?xml version="1.0" encoding="UTF-8"?>
<!-- Generated by org.testng.reporters.JUnitReportReporter -->
<testsuite hostname="PUNHJW256997L" name="com.crm.test.PersonPageTest" tests="1" failures="0" timestamp="27 Aug 2019 20:03:07 GMT" time="15.930" errors="0">
  <testcase name="addPersonDetails" time="15.930" classname="com.crm.test.PersonPageTest"/>
</testsuite> <!-- com.crm.test.PersonPageTest -->
