<?xml version="1.0" encoding="UTF-8"?>
<!-- Generated by org.testng.reporters.JUnitReportReporter -->
<testsuite hostname="PUNHJW256997L" name="com.crm.test.LoginPageTest" tests="1" failures="0" timestamp="28 Aug 2019 17:49:55 GMT" time="12.199" errors="0">
  <testcase name="loginUser" time="12.199" classname="com.crm.test.LoginPageTest"/>
</testsuite> <!-- com.crm.test.LoginPageTest -->
